<?xml version="1.0" encoding="UTF-8"?>
<!-- Generated by org.testng.reporters.JUnitReportReporter -->
<testsuite hostname="NT-IT-LT-2143" failures="0" tests="1" name="FunctionalTesting.getRequestAutomation" time="2.187" errors="0" timestamp="2022-09-07T21:09:15 IST" skipped="0">
  <testcase classname="FunctionalTesting.getRequestAutomation" name="postRequest" time="2.187"/>
  <system-out/>
</testsuite> <!-- FunctionalTesting.getRequestAutomation -->
